<?xml version="1.0" encoding="UTF-8"?>
<coverage generated="1783203479044" clover="3.2.0">
  <project timestamp="1783203479044" name="All files">
    <metrics statements="80" coveredstatements="75" conditionals="66" coveredconditionals="61" methods="34" coveredmethods="28" elements="180" coveredelements="164" complexity="0" loc="80" ncloc="80" packages="3" files="9" classes="9"/>
    <package name="components">
      <metrics statements="6" coveredstatements="6" conditionals="4" coveredconditionals="4" methods="3" coveredmethods="3"/>
      <file name="empty-state.tsx" path="/Users/rakshita/Documents/Apps/Assignment/BingeBox/src/components/empty-state.tsx">
        <metrics statements="2" coveredstatements="2" conditionals="0" coveredconditionals="0" methods="1" coveredmethods="1"/>
        <line num="14" count="1" type="stmt"/>
        <line num="15" count="1" type="stmt"/>
      </file>
      <file name="error-state.tsx" path="/Users/rakshita/Documents/Apps/Assignment/BingeBox/src/components/error-state.tsx">
        <metrics statements="3" coveredstatements="3" conditionals="4" coveredconditionals="4" methods="1" coveredmethods="1"/>
        <line num="12" count="5" type="stmt"/>
        <line num="13" count="5" type="cond" truecount="2" falsecount="0"/>
        <line num="14" count="5" type="stmt"/>
      </file>
      <file name="section-header.tsx" path="/Users/rakshita/Documents/Apps/Assignment/BingeBox/src/components/section-header.tsx">
        <metrics statements="1" coveredstatements="1" conditionals="0" coveredconditionals="0" methods="1" coveredmethods="1"/>
        <line num="8" count="2" type="stmt"/>
      </file>
    </package>
    <package name="lib">
      <metrics statements="59" coveredstatements="57" conditionals="58" coveredconditionals="55" methods="19" coveredmethods="17"/>
      <file name="cn.ts" path="/Users/rakshita/Documents/Apps/Assignment/BingeBox/src/lib/cn.ts">
        <metrics statements="1" coveredstatements="1" conditionals="0" coveredconditionals="0" methods="1" coveredmethods="1"/>
        <line num="5" count="5" type="stmt"/>
      </file>
      <file name="format.ts" path="/Users/rakshita/Documents/Apps/Assignment/BingeBox/src/lib/format.ts">
        <metrics statements="23" coveredstatements="23" conditionals="26" coveredconditionals="26" methods="5" coveredmethods="5"/>
        <line num="2" count="2" type="cond" truecount="2" falsecount="0"/>
        <line num="3" count="1" type="stmt"/>
        <line num="7" count="3" type="cond" truecount="2" falsecount="0"/>
        <line num="8" count="2" type="stmt"/>
        <line num="9" count="2" type="cond" truecount="2" falsecount="0"/>
        <line num="10" count="1" type="stmt"/>
        <line num="14" count="6" type="cond" truecount="4" falsecount="0"/>
        <line num="15" count="3" type="stmt"/>
        <line num="16" count="3" type="stmt"/>
        <line num="17" count="3" type="cond" truecount="2" falsecount="0"/>
        <line num="18" count="2" type="cond" truecount="2" falsecount="0"/>
        <line num="19" count="1" type="stmt"/>
        <line num="23" count="4" type="cond" truecount="4" falsecount="0"/>
        <line num="24" count="2" type="stmt"/>
        <line num="28" count="5" type="stmt"/>
        <line num="29" count="5" type="cond" truecount="2" falsecount="0"/>
        <line num="31" count="4" type="stmt"/>
        <line num="32" count="4" type="cond" truecount="2" falsecount="0"/>
        <line num="34" count="3" type="stmt"/>
        <line num="35" count="3" type="cond" truecount="2" falsecount="0"/>
        <line num="37" count="2" type="stmt"/>
        <line num="38" count="2" type="cond" truecount="2" falsecount="0"/>
        <line num="40" count="1" type="stmt"/>
      </file>
      <file name="fuzzy.ts" path="/Users/rakshita/Documents/Apps/Assignment/BingeBox/src/lib/fuzzy.ts">
        <metrics statements="22" coveredstatements="22" conditionals="16" coveredconditionals="16" methods="4" coveredmethods="4"/>
        <line num="2" count="8" type="stmt"/>
        <line num="3" count="8" type="stmt"/>
        <line num="4" count="8" type="cond" truecount="2" falsecount="0"/>
        <line num="5" count="7" type="cond" truecount="2" falsecount="0"/>
        <line num="7" count="27" type="stmt"/>
        <line num="8" count="6" type="stmt"/>
        <line num="10" count="6" type="stmt"/>
        <line num="11" count="21" type="stmt"/>
        <line num="12" count="21" type="stmt"/>
        <line num="13" count="76" type="cond" truecount="2" falsecount="0"/>
        <line num="14" count="76" type="stmt"/>
        <line num="16" count="21" type="stmt"/>
        <line num="19" count="6" type="stmt"/>
        <line num="23" count="6" type="stmt"/>
        <line num="24" count="6" type="stmt"/>
        <line num="25" count="6" type="cond" truecount="4" falsecount="0"/>
        <line num="26" count="4" type="cond" truecount="4" falsecount="0"/>
        <line num="27" count="1" type="stmt"/>
        <line num="28" count="1" type="stmt"/>
        <line num="32" count="6" type="stmt"/>
        <line num="33" count="6" type="cond" truecount="2" falsecount="0"/>
        <line num="34" count="4" type="stmt"/>
      </file>
      <file name="media.ts" path="/Users/rakshita/Documents/Apps/Assignment/BingeBox/src/lib/media.ts">
        <metrics statements="8" coveredstatements="6" conditionals="10" coveredconditionals="7" methods="8" coveredmethods="6"/>
        <line num="4" count="0" type="stmt"/>
        <line num="16" count="0" type="stmt"/>
        <line num="28" count="1" type="stmt"/>
        <line num="39" count="1" type="stmt"/>
        <line num="50" count="4" type="stmt"/>
        <line num="51" count="5" type="cond" truecount="2" falsecount="0"/>
        <line num="52" count="4" type="stmt"/>
        <line num="53" count="3" type="stmt"/>
      </file>
      <file name="subscription.ts" path="/Users/rakshita/Documents/Apps/Assignment/BingeBox/src/lib/subscription.ts">
        <metrics statements="5" coveredstatements="5" conditionals="6" coveredconditionals="6" methods="1" coveredmethods="1"/>
        <line num="5" count="1" type="stmt"/>
        <line num="9" count="1" type="stmt"/>
        <line num="12" count="7" type="cond" truecount="4" falsecount="0"/>
        <line num="13" count="4" type="cond" truecount="2" falsecount="0"/>
        <line num="14" count="2" type="stmt"/>
      </file>
    </package>
    <package name="stores">
      <metrics statements="15" coveredstatements="12" conditionals="4" coveredconditionals="2" methods="12" coveredmethods="8"/>
      <file name="watchlist-store.ts" path="/Users/rakshita/Documents/Apps/Assignment/BingeBox/src/stores/watchlist-store.ts">
        <metrics statements="15" coveredstatements="12" conditionals="4" coveredconditionals="2" methods="12" coveredmethods="8"/>
        <line num="26" count="1" type="stmt"/>
        <line num="28" count="1" type="stmt"/>
        <line num="31" count="10" type="stmt"/>
        <line num="32" count="10" type="cond" truecount="2" falsecount="0"/>
        <line num="33" count="1" type="stmt"/>
        <line num="34" count="1" type="stmt"/>
        <line num="36" count="9" type="stmt"/>
        <line num="37" count="9" type="stmt"/>
        <line num="41" count="3" type="stmt"/>
        <line num="42" count="2" type="stmt"/>
        <line num="45" count="0" type="stmt"/>
        <line num="46" count="0" type="cond" truecount="0" falsecount="2"/>
        <line num="48" count="1" type="stmt"/>
        <line num="52" count="1" type="stmt"/>
        <line num="58" count="0" type="stmt"/>
      </file>
    </package>
  </project>
</coverage>
