{"/Users/rakshita/Documents/Apps/Assignment/BingeBox/src/components/empty-state.tsx": {"path":"/Users/rakshita/Documents/Apps/Assignment/BingeBox/src/components/empty-state.tsx","statementMap":{"0":{"start":{"line":14,"column":17},"end":{"line":14,"column":33}},"1":{"start":{"line":15,"column":2},"end":{"line":23,"column":4}}},"fnMap":{"0":{"name":"EmptyState","decl":{"start":{"line":13,"column":16},"end":{"line":13,"column":26}},"loc":{"start":{"line":13,"column":70},"end":{"line":24,"column":1}},"line":13}},"branchMap":{},"s":{"0":1,"1":1},"f":{"0":1},"b":{},"_coverageSchema":"1a1c01bbd47fc00a2c39e90264f33305004495a9","hash":"5c332f48f9536c9b38026bf6d91c26d827916ee8"}
,"/Users/rakshita/Documents/Apps/Assignment/BingeBox/src/components/error-state.tsx": {"path":"/Users/rakshita/Documents/Apps/Assignment/BingeBox/src/components/error-state.tsx","statementMap":{"0":{"start":{"line":12,"column":17},"end":{"line":12,"column":33}},"1":{"start":{"line":13,"column":25},"end":{"line":13,"column":86}},"2":{"start":{"line":14,"column":2},"end":{"line":30,"column":4}}},"fnMap":{"0":{"name":"ErrorState","decl":{"start":{"line":11,"column":16},"end":{"line":11,"column":26}},"loc":{"start":{"line":11,"column":66},"end":{"line":31,"column":1}},"line":11}},"branchMap":{"0":{"loc":{"start":{"line":13,"column":25},"end":{"line":13,"column":86}},"type":"binary-expr","locations":[{"start":{"line":13,"column":25},"end":{"line":13,"column":32}},{"start":{"line":13,"column":36},"end":{"line":13,"column":86}}],"line":13},"1":{"loc":{"start":{"line":21,"column":7},"end":{"line":28,"column":7}},"type":"binary-expr","locations":[{"start":{"line":21,"column":7},"end":{"line":21,"column":14}},{"start":{"line":22,"column":8},"end":{"line":27,"column":20}}],"line":21}},"s":{"0":5,"1":5,"2":5},"f":{"0":5},"b":{"0":[5,4],"1":[5,2]},"_coverageSchema":"1a1c01bbd47fc00a2c39e90264f33305004495a9","hash":"70b21a977b4872c447beea8e7d21c57408b52e1e"}
,"/Users/rakshita/Documents/Apps/Assignment/BingeBox/src/components/section-header.tsx": {"path":"/Users/rakshita/Documents/Apps/Assignment/BingeBox/src/components/section-header.tsx","statementMap":{"0":{"start":{"line":8,"column":2},"end":{"line":13,"column":4}}},"fnMap":{"0":{"name":"SectionHeader","decl":{"start":{"line":7,"column":16},"end":{"line":7,"column":29}},"loc":{"start":{"line":7,"column":61},"end":{"line":14,"column":1}},"line":7}},"branchMap":{},"s":{"0":2},"f":{"0":2},"b":{},"_coverageSchema":"1a1c01bbd47fc00a2c39e90264f33305004495a9","hash":"5ce87a837823622e7bb3768fe85fe1fffb689bbd"}
,"/Users/rakshita/Documents/Apps/Assignment/BingeBox/src/lib/cn.ts": {"path":"/Users/rakshita/Documents/Apps/Assignment/BingeBox/src/lib/cn.ts","statementMap":{"0":{"start":{"line":5,"column":2},"end":{"line":5,"column":31}}},"fnMap":{"0":{"name":"cn","decl":{"start":{"line":4,"column":16},"end":{"line":4,"column":18}},"loc":{"start":{"line":4,"column":44},"end":{"line":6,"column":1}},"line":4}},"branchMap":{},"s":{"0":5},"f":{"0":5},"b":{},"_coverageSchema":"1a1c01bbd47fc00a2c39e90264f33305004495a9","hash":"207991ee7e1cf30fe409362394c613be42c6f5b9"}
,"/Users/rakshita/Documents/Apps/Assignment/BingeBox/src/lib/format.ts": {"path":"/Users/rakshita/Documents/Apps/Assignment/BingeBox/src/lib/format.ts","statementMap":{"0":{"start":{"line":2,"column":2},"end":{"line":2,"column":30}},"1":{"start":{"line":2,"column":20},"end":{"line":2,"column":30}},"2":{"start":{"line":3,"column":2},"end":{"line":3,"column":33}},"3":{"start":{"line":7,"column":2},"end":{"line":7,"column":33}},"4":{"start":{"line":7,"column":20},"end":{"line":7,"column":33}},"5":{"start":{"line":8,"column":15},"end":{"line":8,"column":36}},"6":{"start":{"line":9,"column":2},"end":{"line":9,"column":49}},"7":{"start":{"line":9,"column":36},"end":{"line":9,"column":49}},"8":{"start":{"line":10,"column":2},"end":{"line":10,"column":94}},"9":{"start":{"line":14,"column":2},"end":{"line":14,"column":42}},"10":{"start":{"line":14,"column":32},"end":{"line":14,"column":42}},"11":{"start":{"line":15,"column":16},"end":{"line":15,"column":40}},"12":{"start":{"line":16,"column":15},"end":{"line":16,"column":27}},"13":{"start":{"line":17,"column":2},"end":{"line":17,"column":37}},"14":{"start":{"line":17,"column":19},"end":{"line":17,"column":37}},"15":{"start":{"line":18,"column":2},"end":{"line":18,"column":37}},"16":{"start":{"line":18,"column":18},"end":{"line":18,"column":37}},"17":{"start":{"line":19,"column":2},"end":{"line":19,"column":30}},"18":{"start":{"line":23,"column":2},"end":{"line":23,"column":52}},"19":{"start":{"line":23,"column":40},"end":{"line":23,"column":52}},"20":{"start":{"line":24,"column":2},"end":{"line":24,"column":32}},"21":{"start":{"line":28,"column":18},"end":{"line":28,"column":61}},"22":{"start":{"line":29,"column":2},"end":{"line":29,"column":38}},"23":{"start":{"line":29,"column":20},"end":{"line":29,"column":38}},"24":{"start":{"line":31,"column":18},"end":{"line":31,"column":42}},"25":{"start":{"line":32,"column":2},"end":{"line":32,"column":45}},"26":{"start":{"line":32,"column":20},"end":{"line":32,"column":45}},"27":{"start":{"line":34,"column":16},"end":{"line":34,"column":40}},"28":{"start":{"line":35,"column":2},"end":{"line":35,"column":41}},"29":{"start":{"line":35,"column":18},"end":{"line":35,"column":41}},"30":{"start":{"line":37,"column":15},"end":{"line":37,"column":37}},"31":{"start":{"line":38,"column":2},"end":{"line":38,"column":38}},"32":{"start":{"line":38,"column":16},"end":{"line":38,"column":38}},"33":{"start":{"line":40,"column":2},"end":{"line":40,"column":93}}},"fnMap":{"0":{"name":"formatYear","decl":{"start":{"line":1,"column":16},"end":{"line":1,"column":26}},"loc":{"start":{"line":1,"column":56},"end":{"line":4,"column":1}},"line":1},"1":{"name":"formatReleaseDate","decl":{"start":{"line":6,"column":16},"end":{"line":6,"column":33}},"loc":{"start":{"line":6,"column":63},"end":{"line":11,"column":1}},"line":6},"2":{"name":"formatRuntime","decl":{"start":{"line":13,"column":16},"end":{"line":13,"column":29}},"loc":{"start":{"line":13,"column":62},"end":{"line":20,"column":1}},"line":13},"3":{"name":"formatRating","decl":{"start":{"line":22,"column":16},"end":{"line":22,"column":28}},"loc":{"start":{"line":22,"column":58},"end":{"line":25,"column":1}},"line":22},"4":{"name":"formatRelativeTime","decl":{"start":{"line":27,"column":16},"end":{"line":27,"column":34}},"loc":{"start":{"line":27,"column":62},"end":{"line":41,"column":1}},"line":27}},"branchMap":{"0":{"loc":{"start":{"line":2,"column":2},"end":{"line":2,"column":30}},"type":"if","locations":[{"start":{"line":2,"column":2},"end":{"line":2,"column":30}},{"start":{},"end":{}}],"line":2},"1":{"loc":{"start":{"line":7,"column":2},"end":{"line":7,"column":33}},"type":"if","locations":[{"start":{"line":7,"column":2},"end":{"line":7,"column":33}},{"start":{},"end":{}}],"line":7},"2":{"loc":{"start":{"line":9,"column":2},"end":{"line":9,"column":49}},"type":"if","locations":[{"start":{"line":9,"column":2},"end":{"line":9,"column":49}},{"start":{},"end":{}}],"line":9},"3":{"loc":{"start":{"line":14,"column":2},"end":{"line":14,"column":42}},"type":"if","locations":[{"start":{"line":14,"column":2},"end":{"line":14,"column":42}},{"start":{},"end":{}}],"line":14},"4":{"loc":{"start":{"line":14,"column":6},"end":{"line":14,"column":30}},"type":"binary-expr","locations":[{"start":{"line":14,"column":6},"end":{"line":14,"column":14}},{"start":{"line":14,"column":18},"end":{"line":14,"column":30}}],"line":14},"5":{"loc":{"start":{"line":17,"column":2},"end":{"line":17,"column":37}},"type":"if","locations":[{"start":{"line":17,"column":2},"end":{"line":17,"column":37}},{"start":{},"end":{}}],"line":17},"6":{"loc":{"start":{"line":18,"column":2},"end":{"line":18,"column":37}},"type":"if","locations":[{"start":{"line":18,"column":2},"end":{"line":18,"column":37}},{"start":{},"end":{}}],"line":18},"7":{"loc":{"start":{"line":23,"column":2},"end":{"line":23,"column":52}},"type":"if","locations":[{"start":{"line":23,"column":2},"end":{"line":23,"column":52}},{"start":{},"end":{}}],"line":23},"8":{"loc":{"start":{"line":23,"column":6},"end":{"line":23,"column":38}},"type":"binary-expr","locations":[{"start":{"line":23,"column":6},"end":{"line":23,"column":18}},{"start":{"line":23,"column":22},"end":{"line":23,"column":38}}],"line":23},"9":{"loc":{"start":{"line":29,"column":2},"end":{"line":29,"column":38}},"type":"if","locations":[{"start":{"line":29,"column":2},"end":{"line":29,"column":38}},{"start":{},"end":{}}],"line":29},"10":{"loc":{"start":{"line":32,"column":2},"end":{"line":32,"column":45}},"type":"if","locations":[{"start":{"line":32,"column":2},"end":{"line":32,"column":45}},{"start":{},"end":{}}],"line":32},"11":{"loc":{"start":{"line":35,"column":2},"end":{"line":35,"column":41}},"type":"if","locations":[{"start":{"line":35,"column":2},"end":{"line":35,"column":41}},{"start":{},"end":{}}],"line":35},"12":{"loc":{"start":{"line":38,"column":2},"end":{"line":38,"column":38}},"type":"if","locations":[{"start":{"line":38,"column":2},"end":{"line":38,"column":38}},{"start":{},"end":{}}],"line":38}},"s":{"0":2,"1":1,"2":1,"3":3,"4":1,"5":2,"6":2,"7":1,"8":1,"9":6,"10":3,"11":3,"12":3,"13":3,"14":1,"15":2,"16":1,"17":1,"18":4,"19":2,"20":2,"21":5,"22":5,"23":1,"24":4,"25":4,"26":1,"27":3,"28":3,"29":1,"30":2,"31":2,"32":1,"33":1},"f":{"0":2,"1":3,"2":6,"3":4,"4":5},"b":{"0":[1,1],"1":[1,2],"2":[1,1],"3":[3,3],"4":[6,4],"5":[1,2],"6":[1,1],"7":[2,2],"8":[4,3],"9":[1,4],"10":[1,3],"11":[1,2],"12":[1,1]},"_coverageSchema":"1a1c01bbd47fc00a2c39e90264f33305004495a9","hash":"8c75d31286c641b83b7185fda2bd7854f8ec5800"}
,"/Users/rakshita/Documents/Apps/Assignment/BingeBox/src/lib/fuzzy.ts": {"path":"/Users/rakshita/Documents/Apps/Assignment/BingeBox/src/lib/fuzzy.ts","statementMap":{"0":{"start":{"line":2,"column":12},"end":{"line":2,"column":20}},"1":{"start":{"line":3,"column":12},"end":{"line":3,"column":20}},"2":{"start":{"line":4,"column":2},"end":{"line":4,"column":24}},"3":{"start":{"line":4,"column":15},"end":{"line":4,"column":24}},"4":{"start":{"line":5,"column":2},"end":{"line":5,"column":24}},"5":{"start":{"line":5,"column":15},"end":{"line":5,"column":24}},"6":{"start":{"line":7,"column":13},"end":{"line":7,"column":55}},"7":{"start":{"line":7,"column":53},"end":{"line":7,"column":54}},"8":{"start":{"line":8,"column":13},"end":{"line":8,"column":37}},"9":{"start":{"line":10,"column":2},"end":{"line":17,"column":3}},"10":{"start":{"line":10,"column":15},"end":{"line":10,"column":16}},"11":{"start":{"line":11,"column":4},"end":{"line":11,"column":16}},"12":{"start":{"line":12,"column":4},"end":{"line":15,"column":5}},"13":{"start":{"line":12,"column":17},"end":{"line":12,"column":18}},"14":{"start":{"line":13,"column":19},"end":{"line":13,"column":48}},"15":{"start":{"line":14,"column":6},"end":{"line":14,"column":75}},"16":{"start":{"line":16,"column":4},"end":{"line":16,"column":32}},"17":{"start":{"line":19,"column":2},"end":{"line":19,"column":17}},"18":{"start":{"line":23,"column":12},"end":{"line":23,"column":34}},"19":{"start":{"line":24,"column":12},"end":{"line":24,"column":34}},"20":{"start":{"line":25,"column":2},"end":{"line":25,"column":25}},"21":{"start":{"line":25,"column":16},"end":{"line":25,"column":25}},"22":{"start":{"line":26,"column":2},"end":{"line":26,"column":47}},"23":{"start":{"line":26,"column":38},"end":{"line":26,"column":47}},"24":{"start":{"line":27,"column":17},"end":{"line":27,"column":45}},"25":{"start":{"line":28,"column":2},"end":{"line":28,"column":40}},"26":{"start":{"line":32,"column":18},"end":{"line":32,"column":30}},"27":{"start":{"line":33,"column":2},"end":{"line":33,"column":37}},"28":{"start":{"line":33,"column":27},"end":{"line":33,"column":37}},"29":{"start":{"line":34,"column":2},"end":{"line":34,"column":59}}},"fnMap":{"0":{"name":"levenshtein","decl":{"start":{"line":1,"column":16},"end":{"line":1,"column":27}},"loc":{"start":{"line":1,"column":58},"end":{"line":20,"column":1}},"line":1},"1":{"name":"(anonymous_1)","decl":{"start":{"line":7,"column":43},"end":{"line":7,"column":44}},"loc":{"start":{"line":7,"column":53},"end":{"line":7,"column":54}},"line":7},"2":{"name":"similarity","decl":{"start":{"line":22,"column":16},"end":{"line":22,"column":26}},"loc":{"start":{"line":22,"column":57},"end":{"line":29,"column":1}},"line":22},"3":{"name":"relaxQuery","decl":{"start":{"line":31,"column":16},"end":{"line":31,"column":26}},"loc":{"start":{"line":31,"column":50},"end":{"line":35,"column":1}},"line":31}},"branchMap":{"0":{"loc":{"start":{"line":4,"column":2},"end":{"line":4,"column":24}},"type":"if","locations":[{"start":{"line":4,"column":2},"end":{"line":4,"column":24}},{"start":{},"end":{}}],"line":4},"1":{"loc":{"start":{"line":5,"column":2},"end":{"line":5,"column":24}},"type":"if","locations":[{"start":{"line":5,"column":2},"end":{"line":5,"column":24}},{"start":{},"end":{}}],"line":5},"2":{"loc":{"start":{"line":13,"column":19},"end":{"line":13,"column":48}},"type":"cond-expr","locations":[{"start":{"line":13,"column":43},"end":{"line":13,"column":44}},{"start":{"line":13,"column":47},"end":{"line":13,"column":48}}],"line":13},"3":{"loc":{"start":{"line":25,"column":2},"end":{"line":25,"column":25}},"type":"if","locations":[{"start":{"line":25,"column":2},"end":{"line":25,"column":25}},{"start":{},"end":{}}],"line":25},"4":{"loc":{"start":{"line":25,"column":6},"end":{"line":25,"column":14}},"type":"binary-expr","locations":[{"start":{"line":25,"column":6},"end":{"line":25,"column":8}},{"start":{"line":25,"column":12},"end":{"line":25,"column":14}}],"line":25},"5":{"loc":{"start":{"line":26,"column":2},"end":{"line":26,"column":47}},"type":"if","locations":[{"start":{"line":26,"column":2},"end":{"line":26,"column":47}},{"start":{},"end":{}}],"line":26},"6":{"loc":{"start":{"line":26,"column":6},"end":{"line":26,"column":36}},"type":"binary-expr","locations":[{"start":{"line":26,"column":6},"end":{"line":26,"column":19}},{"start":{"line":26,"column":23},"end":{"line":26,"column":36}}],"line":26},"7":{"loc":{"start":{"line":33,"column":2},"end":{"line":33,"column":37}},"type":"if","locations":[{"start":{"line":33,"column":2},"end":{"line":33,"column":37}},{"start":{},"end":{}}],"line":33}},"s":{"0":8,"1":8,"2":8,"3":1,"4":7,"5":1,"6":6,"7":27,"8":6,"9":6,"10":6,"11":21,"12":21,"13":21,"14":76,"15":76,"16":21,"17":6,"18":6,"19":6,"20":6,"21":2,"22":4,"23":3,"24":1,"25":1,"26":6,"27":6,"28":2,"29":4},"f":{"0":8,"1":27,"2":6,"3":6},"b":{"0":[1,7],"1":[1,6],"2":[17,59],"3":[2,4],"4":[6,5],"5":[3,1],"6":[4,1],"7":[2,4]},"_coverageSchema":"1a1c01bbd47fc00a2c39e90264f33305004495a9","hash":"be86360208de01591a8f343e7ab5e969d5f6490e"}
,"/Users/rakshita/Documents/Apps/Assignment/BingeBox/src/lib/media.ts": {"path":"/Users/rakshita/Documents/Apps/Assignment/BingeBox/src/lib/media.ts","statementMap":{"0":{"start":{"line":4,"column":2},"end":{"line":12,"column":4}},"1":{"start":{"line":16,"column":2},"end":{"line":24,"column":4}},"2":{"start":{"line":28,"column":2},"end":{"line":35,"column":4}},"3":{"start":{"line":39,"column":2},"end":{"line":46,"column":4}},"4":{"start":{"line":50,"column":2},"end":{"line":60,"column":8}},"5":{"start":{"line":51,"column":22},"end":{"line":51,"column":77}},"6":{"start":{"line":52,"column":22},"end":{"line":52,"column":38}},"7":{"start":{"line":53,"column":20},"end":{"line":60,"column":5}}},"fnMap":{"0":{"name":"movieToHero","decl":{"start":{"line":3,"column":16},"end":{"line":3,"column":27}},"loc":{"start":{"line":3,"column":53},"end":{"line":13,"column":1}},"line":3},"1":{"name":"tvToHero","decl":{"start":{"line":15,"column":16},"end":{"line":15,"column":24}},"loc":{"start":{"line":15,"column":50},"end":{"line":25,"column":1}},"line":15},"2":{"name":"movieToCard","decl":{"start":{"line":27,"column":16},"end":{"line":27,"column":27}},"loc":{"start":{"line":27,"column":57},"end":{"line":36,"column":1}},"line":27},"3":{"name":"tvToCard","decl":{"start":{"line":38,"column":16},"end":{"line":38,"column":24}},"loc":{"start":{"line":38,"column":54},"end":{"line":47,"column":1}},"line":38},"4":{"name":"multiToCards","decl":{"start":{"line":49,"column":16},"end":{"line":49,"column":28}},"loc":{"start":{"line":49,"column":74},"end":{"line":61,"column":1}},"line":49},"5":{"name":"(anonymous_5)","decl":{"start":{"line":51,"column":12},"end":{"line":51,"column":13}},"loc":{"start":{"line":51,"column":22},"end":{"line":51,"column":77}},"line":51},"6":{"name":"(anonymous_6)","decl":{"start":{"line":52,"column":12},"end":{"line":52,"column":13}},"loc":{"start":{"line":52,"column":22},"end":{"line":52,"column":38}},"line":52},"7":{"name":"(anonymous_7)","decl":{"start":{"line":53,"column":9},"end":{"line":53,"column":10}},"loc":{"start":{"line":53,"column":20},"end":{"line":60,"column":5}},"line":53}},"branchMap":{"0":{"loc":{"start":{"line":51,"column":22},"end":{"line":51,"column":77}},"type":"binary-expr","locations":[{"start":{"line":51,"column":22},"end":{"line":51,"column":49}},{"start":{"line":51,"column":53},"end":{"line":51,"column":77}}],"line":51},"1":{"loc":{"start":{"line":55,"column":13},"end":{"line":55,"column":42}},"type":"binary-expr","locations":[{"start":{"line":55,"column":13},"end":{"line":55,"column":23}},{"start":{"line":55,"column":27},"end":{"line":55,"column":36}},{"start":{"line":55,"column":40},"end":{"line":55,"column":42}}],"line":55},"2":{"loc":{"start":{"line":57,"column":20},"end":{"line":57,"column":42}},"type":"binary-expr","locations":[{"start":{"line":57,"column":20},"end":{"line":57,"column":37}},{"start":{"line":57,"column":41},"end":{"line":57,"column":42}}],"line":57},"3":{"loc":{"start":{"line":58,"column":20},"end":{"line":58,"column":66}},"type":"binary-expr","locations":[{"start":{"line":58,"column":20},"end":{"line":58,"column":37}},{"start":{"line":58,"column":41},"end":{"line":58,"column":60}},{"start":{"line":58,"column":64},"end":{"line":58,"column":66}}],"line":58}},"s":{"0":0,"1":0,"2":1,"3":1,"4":4,"5":5,"6":4,"7":3},"f":{"0":0,"1":0,"2":1,"3":1,"4":4,"5":5,"6":4,"7":3},"b":{"0":[5,2],"1":[3,1,0],"2":[3,0],"3":[3,1,0]},"_coverageSchema":"1a1c01bbd47fc00a2c39e90264f33305004495a9","hash":"1bde3909d0e03a18a25c787a5200ba9782bb927d"}
,"/Users/rakshita/Documents/Apps/Assignment/BingeBox/src/lib/subscription.ts": {"path":"/Users/rakshita/Documents/Apps/Assignment/BingeBox/src/lib/subscription.ts","statementMap":{"0":{"start":{"line":5,"column":38},"end":{"line":5,"column":86}},"1":{"start":{"line":9,"column":24},"end":{"line":9,"column":60}},"2":{"start":{"line":12,"column":2},"end":{"line":12,"column":79}},"3":{"start":{"line":12,"column":66},"end":{"line":12,"column":79}},"4":{"start":{"line":13,"column":2},"end":{"line":13,"column":50}},"5":{"start":{"line":13,"column":38},"end":{"line":13,"column":50}},"6":{"start":{"line":14,"column":2},"end":{"line":14,"column":72}}},"fnMap":{"0":{"name":"isSubscriptionActive","decl":{"start":{"line":11,"column":16},"end":{"line":11,"column":36}},"loc":{"start":{"line":11,"column":93},"end":{"line":15,"column":1}},"line":11}},"branchMap":{"0":{"loc":{"start":{"line":12,"column":2},"end":{"line":12,"column":79}},"type":"if","locations":[{"start":{"line":12,"column":2},"end":{"line":12,"column":79}},{"start":{},"end":{}}],"line":12},"1":{"loc":{"start":{"line":12,"column":6},"end":{"line":12,"column":64}},"type":"binary-expr","locations":[{"start":{"line":12,"column":6},"end":{"line":12,"column":19}},{"start":{"line":12,"column":23},"end":{"line":12,"column":64}}],"line":12},"2":{"loc":{"start":{"line":13,"column":2},"end":{"line":13,"column":50}},"type":"if","locations":[{"start":{"line":13,"column":2},"end":{"line":13,"column":50}},{"start":{},"end":{}}],"line":13}},"s":{"0":1,"1":1,"2":7,"3":3,"4":4,"5":2,"6":2},"f":{"0":7},"b":{"0":[3,4],"1":[7,5],"2":[2,2]},"_coverageSchema":"1a1c01bbd47fc00a2c39e90264f33305004495a9","hash":"2737f0c1df383acaf022825bf8c50daaa176dc45"}
,"/Users/rakshita/Documents/Apps/Assignment/BingeBox/src/stores/watchlist-store.ts": {"path":"/Users/rakshita/Documents/Apps/Assignment/BingeBox/src/stores/watchlist-store.ts","statementMap":{"0":{"start":{"line":26,"column":33},"end":{"line":55,"column":1}},"1":{"start":{"line":28,"column":19},"end":{"line":49,"column":5}},"2":{"start":{"line":31,"column":23},"end":{"line":31,"column":78}},"3":{"start":{"line":31,"column":54},"end":{"line":31,"column":77}},"4":{"start":{"line":32,"column":8},"end":{"line":38,"column":9}},"5":{"start":{"line":33,"column":10},"end":{"line":33,"column":84}},"6":{"start":{"line":33,"column":56},"end":{"line":33,"column":79}},"7":{"start":{"line":34,"column":10},"end":{"line":34,"column":42}},"8":{"start":{"line":36,"column":10},"end":{"line":36,"column":49}},"9":{"start":{"line":37,"column":10},"end":{"line":37,"column":39}},"10":{"start":{"line":41,"column":8},"end":{"line":41,"column":69}},"11":{"start":{"line":41,"column":50},"end":{"line":41,"column":64}},"12":{"start":{"line":42,"column":8},"end":{"line":42,"column":35}},"13":{"start":{"line":45,"column":23},"end":{"line":45,"column":55}},"14":{"start":{"line":46,"column":8},"end":{"line":46,"column":43}},"15":{"start":{"line":46,"column":20},"end":{"line":46,"column":43}},"16":{"start":{"line":48,"column":19},"end":{"line":48,"column":37}},"17":{"start":{"line":52,"column":39},"end":{"line":52,"column":51}},"18":{"start":{"line":58,"column":2},"end":{"line":58,"column":82}},"19":{"start":{"line":58,"column":38},"end":{"line":58,"column":80}},"20":{"start":{"line":58,"column":65},"end":{"line":58,"column":79}}},"fnMap":{"0":{"name":"(anonymous_0)","decl":{"start":{"line":28,"column":4},"end":{"line":28,"column":5}},"loc":{"start":{"line":28,"column":19},"end":{"line":49,"column":5}},"line":28},"1":{"name":"(anonymous_1)","decl":{"start":{"line":30,"column":14},"end":{"line":30,"column":15}},"loc":{"start":{"line":30,"column":24},"end":{"line":39,"column":7}},"line":30},"2":{"name":"(anonymous_2)","decl":{"start":{"line":31,"column":40},"end":{"line":31,"column":41}},"loc":{"start":{"line":31,"column":54},"end":{"line":31,"column":77}},"line":31},"3":{"name":"(anonymous_3)","decl":{"start":{"line":33,"column":42},"end":{"line":33,"column":43}},"loc":{"start":{"line":33,"column":56},"end":{"line":33,"column":79}},"line":33},"4":{"name":"(anonymous_4)","decl":{"start":{"line":40,"column":14},"end":{"line":40,"column":15}},"loc":{"start":{"line":40,"column":22},"end":{"line":43,"column":7}},"line":40},"5":{"name":"(anonymous_5)","decl":{"start":{"line":41,"column":40},"end":{"line":41,"column":41}},"loc":{"start":{"line":41,"column":50},"end":{"line":41,"column":64}},"line":41},"6":{"name":"(anonymous_6)","decl":{"start":{"line":44,"column":15},"end":{"line":44,"column":16}},"loc":{"start":{"line":44,"column":27},"end":{"line":47,"column":7}},"line":44},"7":{"name":"(anonymous_7)","decl":{"start":{"line":48,"column":13},"end":{"line":48,"column":14}},"loc":{"start":{"line":48,"column":19},"end":{"line":48,"column":37}},"line":48},"8":{"name":"(anonymous_8)","decl":{"start":{"line":52,"column":33},"end":{"line":52,"column":34}},"loc":{"start":{"line":52,"column":39},"end":{"line":52,"column":51}},"line":52},"9":{"name":"useIsInWatchlist","decl":{"start":{"line":57,"column":16},"end":{"line":57,"column":32}},"loc":{"start":{"line":57,"column":45},"end":{"line":59,"column":1}},"line":57},"10":{"name":"(anonymous_10)","decl":{"start":{"line":58,"column":27},"end":{"line":58,"column":28}},"loc":{"start":{"line":58,"column":38},"end":{"line":58,"column":80}},"line":58},"11":{"name":"(anonymous_11)","decl":{"start":{"line":58,"column":55},"end":{"line":58,"column":56}},"loc":{"start":{"line":58,"column":65},"end":{"line":58,"column":79}},"line":58}},"branchMap":{"0":{"loc":{"start":{"line":32,"column":8},"end":{"line":38,"column":9}},"type":"if","locations":[{"start":{"line":32,"column":8},"end":{"line":38,"column":9}},{"start":{"line":35,"column":15},"end":{"line":38,"column":9}}],"line":32},"1":{"loc":{"start":{"line":46,"column":8},"end":{"line":46,"column":43}},"type":"if","locations":[{"start":{"line":46,"column":8},"end":{"line":46,"column":43}},{"start":{},"end":{}}],"line":46}},"s":{"0":1,"1":1,"2":10,"3":4,"4":10,"5":1,"6":1,"7":1,"8":9,"9":9,"10":2,"11":3,"12":2,"13":0,"14":0,"15":0,"16":1,"17":1,"18":0,"19":0,"20":0},"f":{"0":1,"1":10,"2":4,"3":1,"4":2,"5":3,"6":0,"7":1,"8":1,"9":0,"10":0,"11":0},"b":{"0":[1,9],"1":[0,0]},"_coverageSchema":"1a1c01bbd47fc00a2c39e90264f33305004495a9","hash":"d284d064afb75e0e0841c41f0ea2a5f015164fe1"}
}
