TN:
SF:src/components/empty-state.tsx
FN:13,EmptyState
FNF:1
FNH:1
FNDA:1,EmptyState
DA:14,1
DA:15,1
LF:2
LH:2
BRF:0
BRH:0
end_of_record
TN:
SF:src/components/error-state.tsx
FN:11,ErrorState
FNF:1
FNH:1
FNDA:5,ErrorState
DA:12,5
DA:13,5
DA:14,5
LF:3
LH:3
BRDA:13,0,0,5
BRDA:13,0,1,4
BRDA:21,1,0,5
BRDA:21,1,1,2
BRF:4
BRH:4
end_of_record
TN:
SF:src/components/section-header.tsx
FN:7,SectionHeader
FNF:1
FNH:1
FNDA:2,SectionHeader
DA:8,2
LF:1
LH:1
BRF:0
BRH:0
end_of_record
TN:
SF:src/lib/cn.ts
FN:4,cn
FNF:1
FNH:1
FNDA:5,cn
DA:5,5
LF:1
LH:1
BRF:0
BRH:0
end_of_record
TN:
SF:src/lib/format.ts
FN:1,formatYear
FN:6,formatReleaseDate
FN:13,formatRuntime
FN:22,formatRating
FN:27,formatRelativeTime
FNF:5
FNH:5
FNDA:2,formatYear
FNDA:3,formatReleaseDate
FNDA:6,formatRuntime
FNDA:4,formatRating
FNDA:5,formatRelativeTime
DA:2,2
DA:3,1
DA:7,3
DA:8,2
DA:9,2
DA:10,1
DA:14,6
DA:15,3
DA:16,3
DA:17,3
DA:18,2
DA:19,1
DA:23,4
DA:24,2
DA:28,5
DA:29,5
DA:31,4
DA:32,4
DA:34,3
DA:35,3
DA:37,2
DA:38,2
DA:40,1
LF:23
LH:23
BRDA:2,0,0,1
BRDA:2,0,1,1
BRDA:7,1,0,1
BRDA:7,1,1,2
BRDA:9,2,0,1
BRDA:9,2,1,1
BRDA:14,3,0,3
BRDA:14,3,1,3
BRDA:14,4,0,6
BRDA:14,4,1,4
BRDA:17,5,0,1
BRDA:17,5,1,2
BRDA:18,6,0,1
BRDA:18,6,1,1
BRDA:23,7,0,2
BRDA:23,7,1,2
BRDA:23,8,0,4
BRDA:23,8,1,3
BRDA:29,9,0,1
BRDA:29,9,1,4
BRDA:32,10,0,1
BRDA:32,10,1,3
BRDA:35,11,0,1
BRDA:35,11,1,2
BRDA:38,12,0,1
BRDA:38,12,1,1
BRF:26
BRH:26
end_of_record
TN:
SF:src/lib/fuzzy.ts
FN:1,levenshtein
FN:7,(anonymous_1)
FN:22,similarity
FN:31,relaxQuery
FNF:4
FNH:4
FNDA:8,levenshtein
FNDA:27,(anonymous_1)
FNDA:6,similarity
FNDA:6,relaxQuery
DA:2,8
DA:3,8
DA:4,8
DA:5,7
DA:7,27
DA:8,6
DA:10,6
DA:11,21
DA:12,21
DA:13,76
DA:14,76
DA:16,21
DA:19,6
DA:23,6
DA:24,6
DA:25,6
DA:26,4
DA:27,1
DA:28,1
DA:32,6
DA:33,6
DA:34,4
LF:22
LH:22
BRDA:4,0,0,1
BRDA:4,0,1,7
BRDA:5,1,0,1
BRDA:5,1,1,6
BRDA:13,2,0,17
BRDA:13,2,1,59
BRDA:25,3,0,2
BRDA:25,3,1,4
BRDA:25,4,0,6
BRDA:25,4,1,5
BRDA:26,5,0,3
BRDA:26,5,1,1
BRDA:26,6,0,4
BRDA:26,6,1,1
BRDA:33,7,0,2
BRDA:33,7,1,4
BRF:16
BRH:16
end_of_record
TN:
SF:src/lib/media.ts
FN:3,movieToHero
FN:15,tvToHero
FN:27,movieToCard
FN:38,tvToCard
FN:49,multiToCards
FN:51,(anonymous_5)
FN:52,(anonymous_6)
FN:53,(anonymous_7)
FNF:8
FNH:6
FNDA:0,movieToHero
FNDA:0,tvToHero
FNDA:1,movieToCard
FNDA:1,tvToCard
FNDA:4,multiToCards
FNDA:5,(anonymous_5)
FNDA:4,(anonymous_6)
FNDA:3,(anonymous_7)
DA:4,0
DA:16,0
DA:28,1
DA:39,1
DA:50,4
DA:51,5
DA:52,4
DA:53,3
LF:8
LH:6
BRDA:51,0,0,5
BRDA:51,0,1,2
BRDA:55,1,0,3
BRDA:55,1,1,1
BRDA:55,1,2,0
BRDA:57,2,0,3
BRDA:57,2,1,0
BRDA:58,3,0,3
BRDA:58,3,1,1
BRDA:58,3,2,0
BRF:10
BRH:7
end_of_record
TN:
SF:src/lib/subscription.ts
FN:11,isSubscriptionActive
FNF:1
FNH:1
FNDA:7,isSubscriptionActive
DA:5,1
DA:9,1
DA:12,7
DA:13,4
DA:14,2
LF:5
LH:5
BRDA:12,0,0,3
BRDA:12,0,1,4
BRDA:12,1,0,7
BRDA:12,1,1,5
BRDA:13,2,0,2
BRDA:13,2,1,2
BRF:6
BRH:6
end_of_record
TN:
SF:src/stores/watchlist-store.ts
FN:28,(anonymous_0)
FN:30,(anonymous_1)
FN:31,(anonymous_2)
FN:33,(anonymous_3)
FN:40,(anonymous_4)
FN:41,(anonymous_5)
FN:44,(anonymous_6)
FN:48,(anonymous_7)
FN:52,(anonymous_8)
FN:57,useIsInWatchlist
FN:58,(anonymous_10)
FN:58,(anonymous_11)
FNF:12
FNH:8
FNDA:1,(anonymous_0)
FNDA:10,(anonymous_1)
FNDA:4,(anonymous_2)
FNDA:1,(anonymous_3)
FNDA:2,(anonymous_4)
FNDA:3,(anonymous_5)
FNDA:0,(anonymous_6)
FNDA:1,(anonymous_7)
FNDA:1,(anonymous_8)
FNDA:0,useIsInWatchlist
FNDA:0,(anonymous_10)
FNDA:0,(anonymous_11)
DA:26,1
DA:28,1
DA:31,10
DA:32,10
DA:33,1
DA:34,1
DA:36,9
DA:37,9
DA:41,3
DA:42,2
DA:45,0
DA:46,0
DA:48,1
DA:52,1
DA:58,0
LF:15
LH:12
BRDA:32,0,0,1
BRDA:32,0,1,9
BRDA:46,1,0,0
BRDA:46,1,1,0
BRF:4
BRH:2
end_of_record
